2023-02-18 21:14:03 INFO  MyListener:onTestSuccess:17 - ******************** The best test ever ********************
2023-02-18 21:14:18 INFO  MyListener:onTestSuccess:17 - ******************** The best test ever ********************
2023-02-18 21:14:27 INFO  MyListener:onTestSuccess:17 - ******************** The best test ever ********************
2023-02-18 21:14:39 INFO  MyListener:onTestSuccess:17 - ******************** The best test ever ********************
2023-02-18 22:41:05 INFO  BaseTest:setUp:16 - Open website
2023-02-18 22:41:08 INFO  MainPage:goToBrandsPage:97 - Go to Brand page
2023-02-18 22:41:09 INFO  BrandsPage:findAllBrands:13 - Find all Brands in page
2023-02-18 22:41:09 INFO  MyListener:onTestSuccess:17 - ******************** The best test ever ********************
2023-02-18 22:41:11 INFO  BaseTest:setUp:16 - Open website
2023-02-18 22:41:15 INFO  MainPage:openMyAccount:27 - Click on My Account
2023-02-18 22:41:15 INFO  MainPage:selectRegisterOption:33 - Click on Register button
2023-02-18 22:41:15 INFO  RegisterAccountPage:setFirstName:17 - Enter first name
2023-02-18 22:41:16 INFO  RegisterAccountPage:setLastName:22 - Enter last name
2023-02-18 22:41:16 INFO  RegisterAccountPage:setEmail:28 - Enter email
2023-02-18 22:41:16 INFO  RegisterAccountPage:setPassword:34 - Enter password
2023-02-18 22:41:16 INFO  RegisterAccountPage:setNoOptions:46 - Unsubscribe on Newsletter
2023-02-18 22:41:16 INFO  RegisterAccountPage:submitCheckbox:63 - Submit Privacy Policy
2023-02-18 22:41:16 INFO  RegisterAccountPage:continueRegisterButton:57 - Click on Continue registration button
2023-02-18 22:41:20 INFO  BaseTest:setUp:16 - Open website
2023-02-18 22:41:25 INFO  MainPage:selectDesktops:39 - Click on Desktop button
2023-02-18 22:41:25 INFO  MainPage:selectAllDesktop:45 - Click on All Desktop button
2023-02-18 22:41:26 INFO  DesktopPage:getShowValue:37 - Get filter value
2023-02-18 22:41:26 INFO  DesktopPage:getSortByValue:24 - Get current sort parameter
2023-02-18 22:41:29 INFO  DesktopPage:setShowValue:43 - Select filter value as {value}
2023-02-18 22:41:31 INFO  MyListener:onTestSuccess:17 - ******************** The best test ever ********************
2023-02-18 22:41:33 INFO  BaseTest:setUp:16 - Open website
2023-02-18 22:41:34 INFO  MainPage:selectDesktops:39 - Click on Desktop button
2023-02-18 22:41:34 INFO  MainPage:selectAllDesktop:45 - Click on All Desktop button
2023-02-18 22:41:35 INFO  DesktopPage:setSortByValue:30 - Set sort parameter {text}
2023-02-18 22:41:36 INFO  DesktopPage:setSortByValue:30 - Set sort parameter {text}
2023-02-18 22:41:38 INFO  MyListener:onTestSuccess:17 - ******************** The best test ever ********************
2023-02-18 22:41:39 INFO  BaseTest:setUp:16 - Open website
2023-02-18 22:41:41 INFO  MainPage:checkThatCurrencyIsValid:63 - Check if currency is $
2023-02-18 22:41:42 INFO  MainPage:clickOnButton:85 - Click on element
2023-02-18 22:41:42 INFO  MainPage:selectCurrency:51 - Select currency
2023-02-18 22:41:43 INFO  MainPage:selectCurrency:51 - Select currency
2023-02-18 22:41:46 INFO  BaseTest:setUp:16 - Open website
2023-02-18 22:41:47 INFO  MainPage:clickOnCamerasButton:91 - Go to cameras page
2023-02-18 22:41:48 INFO  CamerasPage:getCamerasComponents:15 - Get all Cameras parameters
2023-02-18 22:41:48 INFO  MyListener:onTestSuccess:17 - ******************** The best test ever ********************
